[2024-12-26 02:17:31,623] INFO Reading configuration from: zookeeper.properties (org.apache.zookeeper.server.quorum.QuorumPeerConfig)
[2024-12-26 02:17:31,623] WARN zookeeper.properties is relative. Prepend .\ to indicate that you're sure! (org.apache.zookeeper.server.quorum.QuorumPeerConfig)
[2024-12-26 02:17:31,623] ERROR Invalid config, exiting abnormally (org.apache.zookeeper.server.quorum.QuorumPeerMain)
org.apache.zookeeper.server.quorum.QuorumPeerConfig$ConfigException: Error processing zookeeper.properties
	at org.apache.zookeeper.server.quorum.QuorumPeerConfig.parse(QuorumPeerConfig.java:198)
	at org.apache.zookeeper.server.quorum.QuorumPeerMain.initializeAndRun(QuorumPeerMain.java:125)
	at org.apache.zookeeper.server.quorum.QuorumPeerMain.main(QuorumPeerMain.java:91)
Caused by: java.lang.IllegalArgumentException: zookeeper.properties file is missing
	at org.apache.zookeeper.server.util.VerifyingFileFactory.doFailForNonExistingPath(VerifyingFileFactory.java:54)
	at org.apache.zookeeper.server.util.VerifyingFileFactory.validate(VerifyingFileFactory.java:47)
	at org.apache.zookeeper.server.util.VerifyingFileFactory.create(VerifyingFileFactory.java:39)
	at org.apache.zookeeper.server.quorum.QuorumPeerConfig.parse(QuorumPeerConfig.java:183)
	... 2 more
[2024-12-26 02:17:31,628] INFO ZooKeeper audit is disabled. (org.apache.zookeeper.audit.ZKAuditProvider)
[2024-12-26 02:17:31,638] ERROR Exiting JVM with code 2 (org.apache.zookeeper.util.ServiceUtils)
[2024-12-26 02:18:57,356] INFO Reading configuration from: zookeeper.properties (org.apache.zookeeper.server.quorum.QuorumPeerConfig)
[2024-12-26 02:18:57,361] WARN zookeeper.properties is relative. Prepend .\ to indicate that you're sure! (org.apache.zookeeper.server.quorum.QuorumPeerConfig)
[2024-12-26 02:18:57,361] ERROR Invalid config, exiting abnormally (org.apache.zookeeper.server.quorum.QuorumPeerMain)
org.apache.zookeeper.server.quorum.QuorumPeerConfig$ConfigException: Error processing zookeeper.properties
	at org.apache.zookeeper.server.quorum.QuorumPeerConfig.parse(QuorumPeerConfig.java:198)
	at org.apache.zookeeper.server.quorum.QuorumPeerMain.initializeAndRun(QuorumPeerMain.java:125)
	at org.apache.zookeeper.server.quorum.QuorumPeerMain.main(QuorumPeerMain.java:91)
Caused by: java.lang.IllegalArgumentException: zookeeper.properties file is missing
	at org.apache.zookeeper.server.util.VerifyingFileFactory.doFailForNonExistingPath(VerifyingFileFactory.java:54)
	at org.apache.zookeeper.server.util.VerifyingFileFactory.validate(VerifyingFileFactory.java:47)
	at org.apache.zookeeper.server.util.VerifyingFileFactory.create(VerifyingFileFactory.java:39)
	at org.apache.zookeeper.server.quorum.QuorumPeerConfig.parse(QuorumPeerConfig.java:183)
	... 2 more
[2024-12-26 02:18:57,361] INFO ZooKeeper audit is disabled. (org.apache.zookeeper.audit.ZKAuditProvider)
[2024-12-26 02:18:57,366] ERROR Exiting JVM with code 2 (org.apache.zookeeper.util.ServiceUtils)
[2024-12-26 02:20:00,545] INFO Reading configuration from: zookeeper.properties (org.apache.zookeeper.server.quorum.QuorumPeerConfig)
[2024-12-26 02:20:00,545] WARN zookeeper.properties is relative. Prepend .\ to indicate that you're sure! (org.apache.zookeeper.server.quorum.QuorumPeerConfig)
[2024-12-26 02:20:00,545] ERROR Invalid config, exiting abnormally (org.apache.zookeeper.server.quorum.QuorumPeerMain)
org.apache.zookeeper.server.quorum.QuorumPeerConfig$ConfigException: Error processing zookeeper.properties
	at org.apache.zookeeper.server.quorum.QuorumPeerConfig.parse(QuorumPeerConfig.java:198)
	at org.apache.zookeeper.server.quorum.QuorumPeerMain.initializeAndRun(QuorumPeerMain.java:125)
	at org.apache.zookeeper.server.quorum.QuorumPeerMain.main(QuorumPeerMain.java:91)
Caused by: java.lang.IllegalArgumentException: zookeeper.properties file is missing
	at org.apache.zookeeper.server.util.VerifyingFileFactory.doFailForNonExistingPath(VerifyingFileFactory.java:54)
	at org.apache.zookeeper.server.util.VerifyingFileFactory.validate(VerifyingFileFactory.java:47)
	at org.apache.zookeeper.server.util.VerifyingFileFactory.create(VerifyingFileFactory.java:39)
	at org.apache.zookeeper.server.quorum.QuorumPeerConfig.parse(QuorumPeerConfig.java:183)
	... 2 more
[2024-12-26 02:20:00,545] INFO ZooKeeper audit is disabled. (org.apache.zookeeper.audit.ZKAuditProvider)
[2024-12-26 02:20:00,554] ERROR Exiting JVM with code 2 (org.apache.zookeeper.util.ServiceUtils)
[2024-12-26 02:20:30,015] INFO Reading configuration from: zookeeper.properties (org.apache.zookeeper.server.quorum.QuorumPeerConfig)
[2024-12-26 02:20:30,015] WARN zookeeper.properties is relative. Prepend .\ to indicate that you're sure! (org.apache.zookeeper.server.quorum.QuorumPeerConfig)
[2024-12-26 02:20:30,018] ERROR Invalid config, exiting abnormally (org.apache.zookeeper.server.quorum.QuorumPeerMain)
org.apache.zookeeper.server.quorum.QuorumPeerConfig$ConfigException: Error processing zookeeper.properties
	at org.apache.zookeeper.server.quorum.QuorumPeerConfig.parse(QuorumPeerConfig.java:198)
	at org.apache.zookeeper.server.quorum.QuorumPeerMain.initializeAndRun(QuorumPeerMain.java:125)
	at org.apache.zookeeper.server.quorum.QuorumPeerMain.main(QuorumPeerMain.java:91)
Caused by: java.lang.IllegalArgumentException: zookeeper.properties file is missing
	at org.apache.zookeeper.server.util.VerifyingFileFactory.doFailForNonExistingPath(VerifyingFileFactory.java:54)
	at org.apache.zookeeper.server.util.VerifyingFileFactory.validate(VerifyingFileFactory.java:47)
	at org.apache.zookeeper.server.util.VerifyingFileFactory.create(VerifyingFileFactory.java:39)
	at org.apache.zookeeper.server.quorum.QuorumPeerConfig.parse(QuorumPeerConfig.java:183)
	... 2 more
[2024-12-26 02:20:30,020] INFO ZooKeeper audit is disabled. (org.apache.zookeeper.audit.ZKAuditProvider)
[2024-12-26 02:20:30,020] ERROR Exiting JVM with code 2 (org.apache.zookeeper.util.ServiceUtils)
[2024-12-26 02:22:04,850] INFO Reading configuration from: zookeeper.properties (org.apache.zookeeper.server.quorum.QuorumPeerConfig)
[2024-12-26 02:22:04,850] WARN zookeeper.properties is relative. Prepend .\ to indicate that you're sure! (org.apache.zookeeper.server.quorum.QuorumPeerConfig)
[2024-12-26 02:22:04,850] ERROR Invalid config, exiting abnormally (org.apache.zookeeper.server.quorum.QuorumPeerMain)
org.apache.zookeeper.server.quorum.QuorumPeerConfig$ConfigException: Error processing zookeeper.properties
	at org.apache.zookeeper.server.quorum.QuorumPeerConfig.parse(QuorumPeerConfig.java:198)
	at org.apache.zookeeper.server.quorum.QuorumPeerMain.initializeAndRun(QuorumPeerMain.java:125)
	at org.apache.zookeeper.server.quorum.QuorumPeerMain.main(QuorumPeerMain.java:91)
Caused by: java.lang.IllegalArgumentException: zookeeper.properties file is missing
	at org.apache.zookeeper.server.util.VerifyingFileFactory.doFailForNonExistingPath(VerifyingFileFactory.java:54)
	at org.apache.zookeeper.server.util.VerifyingFileFactory.validate(VerifyingFileFactory.java:47)
	at org.apache.zookeeper.server.util.VerifyingFileFactory.create(VerifyingFileFactory.java:39)
	at org.apache.zookeeper.server.quorum.QuorumPeerConfig.parse(QuorumPeerConfig.java:183)
	... 2 more
[2024-12-26 02:22:04,855] INFO ZooKeeper audit is disabled. (org.apache.zookeeper.audit.ZKAuditProvider)
[2024-12-26 02:22:04,860] ERROR Exiting JVM with code 2 (org.apache.zookeeper.util.ServiceUtils)
